# JRE version: Java(TM) SE Runtime Environment (8.0_231-b11) (build 1.8.0_231-b11)
# Java VM: Java HotSpot(TM) 64-Bit Server VM (25.231-b11 mixed mode bsd-amd64 compressed oops)
Heap:
 PSYoungGen      total 142336K, used 92301K [0x00000007e5d80000, 0x00000007f0800000, 0x00000007f0800000)
  eden space 128512K, 71% used [0x00000007e5d80000,0x00000007eb7a3578,0x00000007edb00000)
  from space 13824K, 0% used [0x00000007ee880000,0x00000007ee880000,0x00000007ef600000)
  to   space 13824K, 0% used [0x00000007edb00000,0x00000007edb00000,0x00000007ee880000)
 ParOldGen       total 178176K, used 17442K [0x00000007d0800000, 0x00000007db600000, 0x00000007e5d80000)
  object space 178176K, 9% used [0x00000007d0800000,0x00000007d1908ab0,0x00000007db600000)
 Metaspace       used 43655K, capacity 44790K, committed 45016K, reserved 1087488K
  class space    used 6051K, capacity 6389K, committed 6400K, reserved 1048576K
GC Heap History (10 events):
Event: 6.742 GC heap before
{Heap before GC invocations=4 (full 1):
 PSYoungGen      total 76288K, used 10698K [0x00000007e5d80000, 0x00000007ef280000, 0x00000007f0800000)
  eden space 65536K, 0% used [0x00000007e5d80000,0x00000007e5d80000,0x00000007e9d80000)
  from space 10752K, 99% used [0x00000007e9d80000,0x00000007ea7f2a80,0x00000007ea800000)
  to   space 10752K, 0% used [0x00000007ee800000,0x00000007ee800000,0x00000007ef280000)
 ParOldGen       total 175104K, used 24K [0x00000007d0800000, 0x00000007db300000, 0x00000007e5d80000)
  object space 175104K, 0% used [0x00000007d0800000,0x00000007d0806000,0x00000007db300000)
 Metaspace       used 20730K, capacity 21050K, committed 21248K, reserved 1067008K
  class space    used 2913K, capacity 3057K, committed 3072K, reserved 1048576K
Event: 6.882 GC heap after
Heap after GC invocations=4 (full 1):
 PSYoungGen      total 76288K, used 0K [0x00000007e5d80000, 0x00000007ef280000, 0x00000007f0800000)
  eden space 65536K, 0% used [0x00000007e5d80000,0x00000007e5d80000,0x00000007e9d80000)
  from space 10752K, 0% used [0x00000007e9d80000,0x00000007e9d80000,0x00000007ea800000)
  to   space 10752K, 0% used [0x00000007ee800000,0x00000007ee800000,0x00000007ef280000)
 ParOldGen       total 175104K, used 10455K [0x00000007d0800000, 0x00000007db300000, 0x00000007e5d80000)
  object space 175104K, 5% used [0x00000007d0800000,0x00000007d1235d10,0x00000007db300000)
 Metaspace       used 20730K, capacity 21050K, committed 21248K, reserved 1067008K
  class space    used 2913K, capacity 3057K, committed 3072K, reserved 1048576K
}
Event: 15.651 GC heap before
{Heap before GC invocations=5 (full 1):
 PSYoungGen      total 76288K, used 65536K [0x00000007e5d80000, 0x00000007ef280000, 0x00000007f0800000)
  eden space 65536K, 100% used [0x00000007e5d80000,0x00000007e9d80000,0x00000007e9d80000)
  from space 10752K, 0% used [0x00000007e9d80000,0x00000007e9d80000,0x00000007ea800000)
  to   space 10752K, 0% used [0x00000007ee800000,0x00000007ee800000,0x00000007ef280000)
 ParOldGen       total 175104K, used 10455K [0x00000007d0800000, 0x00000007db300000, 0x00000007e5d80000)
  object space 175104K, 5% used [0x00000007d0800000,0x00000007d1235d10,0x00000007db300000)
 Metaspace       used 27472K, capacity 27962K, committed 28288K, reserved 1073152K
  class space    used 3752K, capacity 3954K, committed 3968K, reserved 1048576K
Event: 15.683 GC heap after
Heap after GC invocations=5 (full 1):
 PSYoungGen      total 98304K, used 7711K [0x00000007e5d80000, 0x00000007ef000000, 0x00000007f0800000)
  eden space 90112K, 0% used [0x00000007e5d80000,0x00000007e5d80000,0x00000007eb580000)
  from space 8192K, 94% used [0x00000007ee800000,0x00000007eef87d60,0x00000007ef000000)
  to   space 10752K, 0% used [0x00000007edb00000,0x00000007edb00000,0x00000007ee580000)
 ParOldGen       total 175104K, used 10463K [0x00000007d0800000, 0x00000007db300000, 0x00000007e5d80000)
  object space 175104K, 5% used [0x00000007d0800000,0x00000007d1237d10,0x00000007db300000)
 Metaspace       used 27472K, capacity 27962K, committed 28288K, reserved 1073152K
  class space    used 3752K, capacity 3954K, committed 3968K, reserved 1048576K
}
Event: 18.110 GC heap before
{Heap before GC invocations=6 (full 1):
 PSYoungGen      total 98304K, used 97823K [0x00000007e5d80000, 0x00000007ef000000, 0x00000007f0800000)
  eden space 90112K, 100% used [0x00000007e5d80000,0x00000007eb580000,0x00000007eb580000)
  from space 8192K, 94% used [0x00000007ee800000,0x00000007eef87d60,0x00000007ef000000)
  to   space 10752K, 0% used [0x00000007edb00000,0x00000007edb00000,0x00000007ee580000)
 ParOldGen       total 175104K, used 10463K [0x00000007d0800000, 0x00000007db300000, 0x00000007e5d80000)
  object space 175104K, 5% used [0x00000007d0800000,0x00000007d1237d10,0x00000007db300000)
 Metaspace       used 32180K, capacity 32742K, committed 32896K, reserved 1077248K
  class space    used 4538K, capacity 4735K, committed 4736K, reserved 1048576K
Event: 18.170 GC heap after
Heap after GC invocations=6 (full 1):
 PSYoungGen      total 139264K, used 10726K [0x00000007e5d80000, 0x00000007ef600000, 0x00000007f0800000)
  eden space 128512K, 0% used [0x00000007e5d80000,0x00000007e5d80000,0x00000007edb00000)
  from space 10752K, 99% used [0x00000007edb00000,0x00000007ee579a38,0x00000007ee580000)
  to   space 13824K, 0% used [0x00000007ee880000,0x00000007ee880000,0x00000007ef600000)
 ParOldGen       total 175104K, used 11725K [0x00000007d0800000, 0x00000007db300000, 0x00000007e5d80000)
  object space 175104K, 6% used [0x00000007d0800000,0x00000007d1373488,0x00000007db300000)
 Metaspace       used 32180K, capacity 32742K, committed 32896K, reserved 1077248K
  class space    used 4538K, capacity 4735K, committed 4736K, reserved 1048576K
}
Event: 19.703 GC heap before
{Heap before GC invocations=7 (full 1):
 PSYoungGen      total 139264K, used 51125K [0x00000007e5d80000, 0x00000007ef600000, 0x00000007f0800000)
  eden space 128512K, 31% used [0x00000007e5d80000,0x00000007e84f3cc0,0x00000007edb00000)
  from space 10752K, 99% used [0x00000007edb00000,0x00000007ee579a38,0x00000007ee580000)
  to   space 13824K, 0% used [0x00000007ee880000,0x00000007ee880000,0x00000007ef600000)
 ParOldGen       total 175104K, used 11725K [0x00000007d0800000, 0x00000007db300000, 0x00000007e5d80000)
  object space 175104K, 6% used [0x00000007d0800000,0x00000007d1373488,0x00000007db300000)
 Metaspace       used 34472K, capacity 35292K, committed 35416K, reserved 1079296K
  class space    used 4879K, capacity 5145K, committed 5248K, reserved 1048576K
Event: 19.763 GC heap after
Heap after GC invocations=7 (full 1):
 PSYoungGen      total 142336K, used 10850K [0x00000007e5d80000, 0x00000007f0800000, 0x00000007f0800000)
  eden space 128512K, 0% used [0x00000007e5d80000,0x00000007e5d80000,0x00000007edb00000)
  from space 13824K, 78% used [0x00000007ee880000,0x00000007ef318b30,0x00000007ef600000)
  to   space 13824K, 0% used [0x00000007edb00000,0x00000007edb00000,0x00000007ee880000)
 ParOldGen       total 175104K, used 11733K [0x00000007d0800000, 0x00000007db300000, 0x00000007e5d80000)
  object space 175104K, 6% used [0x00000007d0800000,0x00000007d1375488,0x00000007db300000)
 Metaspace       used 34472K, capacity 35292K, committed 35416K, reserved 1079296K
  class space    used 4879K, capacity 5145K, committed 5248K, reserved 1048576K
}
Event: 19.763 GC heap before
{Heap before GC invocations=8 (full 2):
 PSYoungGen      total 142336K, used 10850K [0x00000007e5d80000, 0x00000007f0800000, 0x00000007f0800000)
  eden space 128512K, 0% used [0x00000007e5d80000,0x00000007e5d80000,0x00000007edb00000)
  from space 13824K, 78% used [0x00000007ee880000,0x00000007ef318b30,0x00000007ef600000)
  to   space 13824K, 0% used [0x00000007edb00000,0x00000007edb00000,0x00000007ee880000)
 ParOldGen       total 175104K, used 11733K [0x00000007d0800000, 0x00000007db300000, 0x00000007e5d80000)
  object space 175104K, 6% used [0x00000007d0800000,0x00000007d1375488,0x00000007db300000)
 Metaspace       used 34472K, capacity 35292K, committed 35416K, reserved 1079296K
  class space    used 4879K, capacity 5145K, committed 5248K, reserved 1048576K
Event: 20.112 GC heap after
Heap after GC invocations=8 (full 2):
 PSYoungGen      total 142336K, used 0K [0x00000007e5d80000, 0x00000007f0800000, 0x00000007f0800000)
  eden space 128512K, 0% used [0x00000007e5d80000,0x00000007e5d80000,0x00000007edb00000)
  from space 13824K, 0% used [0x00000007ee880000,0x00000007ee880000,0x00000007ef600000)
  to   space 13824K, 0% used [0x00000007edb00000,0x00000007edb00000,0x00000007ee880000)
 ParOldGen       total 178176K, used 17442K [0x00000007d0800000, 0x00000007db600000, 0x00000007e5d80000)
  object space 178176K, 9% used [0x00000007d0800000,0x00000007d1908ab0,0x00000007db600000)
 Metaspace       used 34467K, capacity 35274K, committed 35416K, reserved 1079296K
  class space    used 4878K, capacity 5142K, committed 5248K, reserved 1048576K
}

