# JRE version: Java(TM) SE Runtime Environment (8.0_231-b11) (build 1.8.0_231-b11)
# Java VM: Java HotSpot(TM) 64-Bit Server VM (25.231-b11 mixed mode bsd-amd64 compressed oops)
Heap:
 PSYoungGen      total 132096K, used 132075K [0x00000007e5d80000, 0x00000007f0800000, 0x00000007f0800000)
  eden space 89600K, 100% used [0x00000007e5d80000,0x00000007eb500000,0x00000007eb500000)
  from space 42496K, 99% used [0x00000007eb500000,0x00000007ede7ace8,0x00000007ede80000)
  to   space 42496K, 99% used [0x00000007ede80000,0x00000007f07f9bf0,0x00000007f0800000)
 ParOldGen       total 349696K, used 293002K [0x00000007d0800000, 0x00000007e5d80000, 0x00000007e5d80000)
  object space 349696K, 83% used [0x00000007d0800000,0x00000007e2622b50,0x00000007e5d80000)
 Metaspace       used 98827K, capacity 102986K, committed 103256K, reserved 1138688K
  class space    used 12617K, capacity 13595K, committed 13696K, reserved 1048576K
GC Heap History (10 events):
Event: 122.474 GC heap after
Heap after GC invocations=73 (full 4):
 PSYoungGen      total 155648K, used 13639K [0x00000007e5d80000, 0x00000007f0800000, 0x00000007f0800000)
  eden space 137728K, 0% used [0x00000007e5d80000,0x00000007e5d80000,0x00000007ee400000)
  from space 17920K, 76% used [0x00000007ee400000,0x00000007ef151c70,0x00000007ef580000)
  to   space 18944K, 0% used [0x00000007ef580000,0x00000007ef580000,0x00000007f0800000)
 ParOldGen       total 349696K, used 184630K [0x00000007d0800000, 0x00000007e5d80000, 0x00000007e5d80000)
  object space 349696K, 52% used [0x00000007d0800000,0x00000007dbc4d980,0x00000007e5d80000)
 Metaspace       used 98170K, capacity 102268K, committed 102360K, reserved 1138688K
  class space    used 12557K, capacity 13502K, committed 13568K, reserved 1048576K
}
Event: 123.436 GC heap before
{Heap before GC invocations=74 (full 4):
 PSYoungGen      total 155648K, used 151367K [0x00000007e5d80000, 0x00000007f0800000, 0x00000007f0800000)
  eden space 137728K, 100% used [0x00000007e5d80000,0x00000007ee400000,0x00000007ee400000)
  from space 17920K, 76% used [0x00000007ee400000,0x00000007ef151c70,0x00000007ef580000)
  to   space 18944K, 0% used [0x00000007ef580000,0x00000007ef580000,0x00000007f0800000)
 ParOldGen       total 349696K, used 184630K [0x00000007d0800000, 0x00000007e5d80000, 0x00000007e5d80000)
  object space 349696K, 52% used [0x00000007d0800000,0x00000007dbc4d980,0x00000007e5d80000)
 Metaspace       used 98191K, capacity 102268K, committed 102360K, reserved 1138688K
  class space    used 12557K, capacity 13502K, committed 13568K, reserved 1048576K
Event: 123.448 GC heap after
Heap after GC invocations=74 (full 4):
 PSYoungGen      total 155648K, used 3351K [0x00000007e5d80000, 0x00000007f0800000, 0x00000007f0800000)
  eden space 136704K, 0% used [0x00000007e5d80000,0x00000007e5d80000,0x00000007ee300000)
  from space 18944K, 17% used [0x00000007ef580000,0x00000007ef8c5d30,0x00000007f0800000)
  to   space 18944K, 0% used [0x00000007ee300000,0x00000007ee300000,0x00000007ef580000)
 ParOldGen       total 349696K, used 184691K [0x00000007d0800000, 0x00000007e5d80000, 0x00000007e5d80000)
  object space 349696K, 52% used [0x00000007d0800000,0x00000007dbc5cec0,0x00000007e5d80000)
 Metaspace       used 98191K, capacity 102268K, committed 102360K, reserved 1138688K
  class space    used 12557K, capacity 13502K, committed 13568K, reserved 1048576K
}
Event: 125.790 GC heap before
{Heap before GC invocations=75 (full 4):
 PSYoungGen      total 155648K, used 140055K [0x00000007e5d80000, 0x00000007f0800000, 0x00000007f0800000)
  eden space 136704K, 100% used [0x00000007e5d80000,0x00000007ee300000,0x00000007ee300000)
  from space 18944K, 17% used [0x00000007ef580000,0x00000007ef8c5d30,0x00000007f0800000)
  to   space 18944K, 0% used [0x00000007ee300000,0x00000007ee300000,0x00000007ef580000)
 ParOldGen       total 349696K, used 184691K [0x00000007d0800000, 0x00000007e5d80000, 0x00000007e5d80000)
  object space 349696K, 52% used [0x00000007d0800000,0x00000007dbc5cec0,0x00000007e5d80000)
 Metaspace       used 98707K, capacity 102844K, committed 103000K, reserved 1138688K
  class space    used 12610K, capacity 13590K, committed 13696K, reserved 1048576K
Event: 126.033 GC heap after
Heap after GC invocations=75 (full 4):
 PSYoungGen      total 155648K, used 18938K [0x00000007e5d80000, 0x00000007f0800000, 0x00000007f0800000)
  eden space 136704K, 0% used [0x00000007e5d80000,0x00000007e5d80000,0x00000007ee300000)
  from space 18944K, 99% used [0x00000007ee300000,0x00000007ef57e828,0x00000007ef580000)
  to   space 18944K, 0% used [0x00000007ef580000,0x00000007ef580000,0x00000007f0800000)
 ParOldGen       total 349696K, used 215071K [0x00000007d0800000, 0x00000007e5d80000, 0x00000007e5d80000)
  object space 349696K, 61% used [0x00000007d0800000,0x00000007dda07ee8,0x00000007e5d80000)
 Metaspace       used 98707K, capacity 102844K, committed 103000K, reserved 1138688K
  class space    used 12610K, capacity 13590K, committed 13696K, reserved 1048576K
}
Event: 127.803 GC heap before
{Heap before GC invocations=76 (full 4):
 PSYoungGen      total 155648K, used 155642K [0x00000007e5d80000, 0x00000007f0800000, 0x00000007f0800000)
  eden space 136704K, 100% used [0x00000007e5d80000,0x00000007ee300000,0x00000007ee300000)
  from space 18944K, 99% used [0x00000007ee300000,0x00000007ef57e828,0x00000007ef580000)
  to   space 18944K, 0% used [0x00000007ef580000,0x00000007ef580000,0x00000007f0800000)
 ParOldGen       total 349696K, used 215071K [0x00000007d0800000, 0x00000007e5d80000, 0x00000007e5d80000)
  object space 349696K, 61% used [0x00000007d0800000,0x00000007dda07ee8,0x00000007e5d80000)
 Metaspace       used 98761K, capacity 102972K, committed 103256K, reserved 1138688K
  class space    used 12613K, capacity 13590K, committed 13696K, reserved 1048576K
Event: 128.033 GC heap after
Heap after GC invocations=76 (full 4):
 PSYoungGen      total 108544K, used 18933K [0x00000007e5d80000, 0x00000007f0800000, 0x00000007f0800000)
  eden space 89600K, 0% used [0x00000007e5d80000,0x00000007e5d80000,0x00000007eb500000)
  from space 18944K, 99% used [0x00000007ef580000,0x00000007f07fd4a8,0x00000007f0800000)
  to   space 42496K, 0% used [0x00000007eb500000,0x00000007eb500000,0x00000007ede80000)
 ParOldGen       total 349696K, used 240718K [0x00000007d0800000, 0x00000007e5d80000, 0x00000007e5d80000)
  object space 349696K, 68% used [0x00000007d0800000,0x00000007df313988,0x00000007e5d80000)
 Metaspace       used 98761K, capacity 102972K, committed 103256K, reserved 1138688K
  class space    used 12613K, capacity 13590K, committed 13696K, reserved 1048576K
}
Event: 128.849 GC heap before
{Heap before GC invocations=77 (full 4):
 PSYoungGen      total 108544K, used 108533K [0x00000007e5d80000, 0x00000007f0800000, 0x00000007f0800000)
  eden space 89600K, 100% used [0x00000007e5d80000,0x00000007eb500000,0x00000007eb500000)
  from space 18944K, 99% used [0x00000007ef580000,0x00000007f07fd4a8,0x00000007f0800000)
  to   space 42496K, 0% used [0x00000007eb500000,0x00000007eb500000,0x00000007ede80000)
 ParOldGen       total 349696K, used 240718K [0x00000007d0800000, 0x00000007e5d80000, 0x00000007e5d80000)
  object space 349696K, 68% used [0x00000007d0800000,0x00000007df313988,0x00000007e5d80000)
 Metaspace       used 98812K, capacity 102986K, committed 103256K, reserved 1138688K
  class space    used 12617K, capacity 13595K, committed 13696K, reserved 1048576K
Event: 129.134 GC heap after
Heap after GC invocations=77 (full 4):
 PSYoungGen      total 132096K, used 42475K [0x00000007e5d80000, 0x00000007f0800000, 0x00000007f0800000)
  eden space 89600K, 0% used [0x00000007e5d80000,0x00000007e5d80000,0x00000007eb500000)
  from space 42496K, 99% used [0x00000007eb500000,0x00000007ede7ace8,0x00000007ede80000)
  to   space 42496K, 0% used [0x00000007ede80000,0x00000007ede80000,0x00000007f0800000)
 ParOldGen       total 349696K, used 257501K [0x00000007d0800000, 0x00000007e5d80000, 0x00000007e5d80000)
  object space 349696K, 73% used [0x00000007d0800000,0x00000007e03775e0,0x00000007e5d80000)
 Metaspace       used 98812K, capacity 102986K, committed 103256K, reserved 1138688K
  class space    used 12617K, capacity 13595K, committed 13696K, reserved 1048576K
}
Event: 130.733 GC heap before
{Heap before GC invocations=78 (full 4):
 PSYoungGen      total 132096K, used 132075K [0x00000007e5d80000, 0x00000007f0800000, 0x00000007f0800000)
  eden space 89600K, 100% used [0x00000007e5d80000,0x00000007eb500000,0x00000007eb500000)
  from space 42496K, 99% used [0x00000007eb500000,0x00000007ede7ace8,0x00000007ede80000)
  to   space 42496K, 0% used [0x00000007ede80000,0x00000007ede80000,0x00000007f0800000)
 ParOldGen       total 349696K, used 257501K [0x00000007d0800000, 0x00000007e5d80000, 0x00000007e5d80000)
  object space 349696K, 73% used [0x00000007d0800000,0x00000007e03775e0,0x00000007e5d80000)
 Metaspace       used 98827K, capacity 102986K, committed 103256K, reserved 1138688K
  class space    used 12617K, capacity 13595K, committed 13696K, reserved 1048576K

